<?xml version="1.0" encoding="utf-8"?><testsuites name="pytest tests"><testsuite name="pytest" errors="0" failures="0" skipped="0" tests="26" time="1.982" timestamp="2026-09-25T20:38:13.086093+09:00" hostname="wonwoo"><testcase classname="tests.backend.test_ocr_jobs" name="test_due_claim_records_db_clock_lease_and_attempt_evidence" time="0.530" /><testcase classname="tests.backend.test_ocr_jobs" name="test_two_concurrent_claimants_have_exactly_one_owner" time="0.070" /><testcase classname="tests.backend.test_ocr_jobs" name="test_db_clock_expiry_equality_is_taken_over_and_stale_owner_is_denied" time="0.092" /><testcase classname="tests.backend.test_ocr_jobs" name="test_renew_extends_from_fresh_db_clock_and_wrong_token_is_denied" time="0.080" /><testcase classname="tests.backend.test_ocr_jobs" name="test_retry_backoff_is_five_then_ten_seconds_and_third_failure_exhausts" time="0.158" /><testcase classname="tests.backend.test_ocr_jobs" name="test_expired_third_attempt_is_reaped_without_a_fourth_claim" time="0.067" /><testcase classname="tests.backend.test_ocr_jobs" name="test_stage_and_finalize_are_atomic_and_partial_writer_rolls_back" time="0.184" /><testcase classname="tests.backend.test_ocr_jobs" name="test_lost_claim_and_finalize_ack_recover_exact_committed_identity" time="0.180" /><testcase classname="tests.backend.test_ocr_result_validation" name="test_empty_complete_result_is_validated_and_returns_frozen_identities" time="0.009" /><testcase classname="tests.backend.test_ocr_result_validation" name="test_summary_cannot_contradict_item_derived_aggregate" time="0.002" /><testcase classname="tests.backend.test_ocr_result_validation" name="test_region_confidence_semantics_is_required_and_exact" time="0.003" /><testcase classname="tests.backend.test_ocr_result_validation" name="test_nonempty_raw_audit_retains_private_engine_text_and_geometry" time="0.003" /><testcase classname="tests.backend.test_ocr_result_validation" name="test_raw_audit_text_obeys_persistable_scalar_limit" time="0.003" /><testcase classname="tests.backend.test_ocr_result_validation" name="test_registered_runtime_audit_and_timing_shapes_are_closed[&lt;lambda&gt;-runtime manifest]" time="0.001" /><testcase classname="tests.backend.test_ocr_result_validation" name="test_registered_runtime_audit_and_timing_shapes_are_closed[&lt;lambda&gt;-raw OCR audit]" time="0.001" /><testcase classname="tests.backend.test_ocr_result_validation" name="test_registered_runtime_audit_and_timing_shapes_are_closed[&lt;lambda&gt;-OCR timing total]" time="0.001" /><testcase classname="tests.backend.test_ocr_result_validation" name="test_runtime_facts_must_be_exact_projection_of_frozen_profile" time="0.002" /><testcase classname="tests.backend.test_ocr_result_validation" name="test_runtime_python_minor_must_match_frozen_profile_exactly" time="0.002" /><testcase classname="tests.backend.test_ocr_result_validation" name="test_runtime_package_and_native_package_records_are_preserved_exactly" time="0.003" /><testcase classname="tests.backend.test_ocr_result_validation" name="test_runtime_dependency_records_must_match_the_frozen_profile[packages]" time="0.002" /><testcase classname="tests.backend.test_ocr_result_validation" name="test_runtime_dependency_records_must_match_the_frozen_profile[native_packages]" time="0.002" /><testcase classname="tests.backend.test_ocr_result_validation" name="test_runtime_manifest_digest_must_cover_the_complete_manifest" time="0.001" /><testcase classname="tests.backend.test_ocr_result_validation" name="test_frozen_profile_requires_canonical_bytes_digest_and_versioned_schema" time="0.002" /><testcase classname="tests.backend.test_finalize_reference_lock" name="test_catalog_parent_lock_uses_postgresql_key_share" time="0.002" /><testcase classname="tests.backend.test_finalize_reference_lock" name="test_finalize_parent_locks_hold_until_screenshot_insert" time="0.416" /><testcase classname="tests.backend.test_finalize_reference_lock" name="test_parent_deleted_before_finalize_returns_404_and_fences_failed_generation" time="0.111" /></testsuite></testsuites>