<?xml version="1.0" encoding="utf-8"?><testsuites name="pytest tests"><testsuite name="pytest" errors="0" failures="1" skipped="0" tests="1" time="0.377" timestamp="2026-09-25T16:44:16.521307+00:00" hostname="e09a6dde9cdf"><testcase classname="tests.backend.test_ocr_containment" name="test_native_pressure_and_owned_tree_cleanup[shortpeak]" file="tests/backend/test_ocr_containment.py" line="471" time="0.287"><properties>
[...]
</properties><failure message="AssertionError: fixed headroom precondition&#10;assert ((64 * 1024) * 1024) &lt;= 20561920">tests/backend/test_ocr_containment.py:479: in test_native_pressure_and_owned_tree_cleanup
    return _l1_shortpeak(tmp_path, record_property)
           ^^^^^^^^^^^^^^^^^^^^^^^^^^^^^^^^^^^^^^^^
tests/backend/test_ocr_containment.py:328: in _l1_shortpeak
    assert 64 * 1024 * 1024 &lt;= headroom &lt;= 160 * 1024 * 1024, "fixed headroom precondition"
E   AssertionError: fixed headroom precondition
E   assert ((64 * 1024) * 1024) &lt;= 20561920</failure></testcase></testsuite></testsuites>