<?xml version="1.0" encoding="utf-8"?><testsuites name="pytest tests"><testsuite name="pytest" errors="0" failures="0" skipped="0" tests="12" time="0.068" timestamp="2026-09-26T01:09:03.316417+09:00" hostname="wonwoo"><testcase classname="tests.backend.test_ocr_containment" name="test_l1_shortpeak_oracle[overrides0-PASS_KILLED_ATTEMPT]" time="0.001" /><testcase classname="tests.backend.test_ocr_containment" name="test_l1_shortpeak_oracle[overrides1-PASS_DENIED_ATTEMPT]" time="0.000" /><testcase classname="tests.backend.test_ocr_containment" name="test_l1_shortpeak_oracle[overrides2-UNPROVED_TIMING]" time="0.000" /><testcase classname="tests.backend.test_ocr_containment" name="test_l1_shortpeak_oracle[overrides3-UNPROVED_TIMING]" time="0.000" /><testcase classname="tests.backend.test_ocr_containment" name="test_l1_shortpeak_oracle[overrides4-UNPROVED_TIMING]" time="0.000" /><testcase classname="tests.backend.test_ocr_containment" name="test_l1_shortpeak_oracle[overrides5-UNPROVED_ATTEMPT]" time="0.000" /><testcase classname="tests.backend.test_ocr_containment" name="test_l1_shortpeak_oracle[overrides6-FAIL_IDENTITY]" time="0.000" /><testcase classname="tests.backend.test_ocr_containment" name="test_l1_shortpeak_oracle[overrides7-FAIL_CLEANUP]" time="0.000" /><testcase classname="tests.backend.test_ocr_containment" name="test_l1_shortpeak_oracle[overrides8-UNPROVED_CAUSE]" time="0.000" /><testcase classname="tests.backend.test_ocr_containment" name="test_l1_shortpeak_oracle[overrides9-UNPROVED_CAUSE]" time="0.000" /><testcase classname="tests.backend.test_ocr_containment" name="test_l1_shortpeak_oracle[overrides10-UNPROVED_CAUSE]" time="0.000" /><testcase classname="tests.backend.test_ocr_containment" name="test_l1_shortpeak_oracle[overrides11-UNPROVED_CAUSE]" time="0.000" /></testsuite></testsuites>